
AVRASM ver. 2.1.30  C:\Users\RK\Desktop\Aayush Project\List\Tx.asm Tue Jul 11 15:05:05 2017

C:\Users\RK\Desktop\Aayush Project\List\Tx.asm(1072): warning: Register r4 already defined by the .DEF directive
C:\Users\RK\Desktop\Aayush Project\List\Tx.asm(1073): warning: Register r7 already defined by the .DEF directive
C:\Users\RK\Desktop\Aayush Project\List\Tx.asm(1074): warning: Register r6 already defined by the .DEF directive
C:\Users\RK\Desktop\Aayush Project\List\Tx.asm(1075): warning: Register r9 already defined by the .DEF directive
                 
                 
                 ;CodeVisionAVR C Compiler V2.05.2 Evaluation
                 ;(C) Copyright 1998-2011 Pavel Haiduc, HP InfoTech s.r.l.
                 ;http://www.hpinfotech.com
                 
                 ;Chip type                : ATmega16
                 ;Program type             : Application
                 ;Clock frequency          : 8.000000 MHz
                 ;Memory model             : Small
                 ;Optimize for             : Size
                 ;(s)printf features       : int, width
                 ;(s)scanf features        : int, width
                 ;External RAM size        : 0
                 ;Data Stack size          : 256 byte(s)
                 ;Heap size                : 0 byte(s)
                 ;Promote 'char' to 'int'  : Yes
                 ;'char' is unsigned       : Yes
                 ;8 bit enums              : Yes
                 ;Global 'const' stored in FLASH     : No
                 ;Enhanced function parameter passing: Yes
                 ;Enhanced core instructions         : On
                 ;Smart register allocation          : On
                 ;Automatic register allocation      : On
                 
                 	#pragma AVRPART ADMIN PART_NAME ATmega16
                 	#pragma AVRPART MEMORY PROG_FLASH 16384
                 	#pragma AVRPART MEMORY EEPROM 512
                 	#pragma AVRPART MEMORY INT_SRAM SIZE 1119
                 	#pragma AVRPART MEMORY INT_SRAM START_ADDR 0x60
                 
                 	#define CALL_SUPPORTED 1
                 
                 	.LISTMAC
                 	.EQU UDRE=0x5
                 	.EQU RXC=0x7
                 	.EQU USR=0xB
                 	.EQU UDR=0xC
                 	.EQU SPSR=0xE
                 	.EQU SPDR=0xF
                 	.EQU EERE=0x0
                 	.EQU EEWE=0x1
                 	.EQU EEMWE=0x2
                 	.EQU EECR=0x1C
                 	.EQU EEDR=0x1D
                 	.EQU EEARL=0x1E
                 	.EQU EEARH=0x1F
                 	.EQU WDTCR=0x21
                 	.EQU MCUCR=0x35
                 	.EQU GICR=0x3B
                 	.EQU SPL=0x3D
                 	.EQU SPH=0x3E
                 	.EQU SREG=0x3F
                 
                 	.DEF R0X0=R0
                 	.DEF R0X1=R1
                 	.DEF R0X2=R2
                 	.DEF R0X3=R3
                 	.DEF R0X4=R4
                 	.DEF R0X5=R5
                 	.DEF R0X6=R6
                 	.DEF R0X7=R7
                 	.DEF R0X8=R8
                 	.DEF R0X9=R9
                 	.DEF R0XA=R10
                 	.DEF R0XB=R11
                 	.DEF R0XC=R12
                 	.DEF R0XD=R13
                 	.DEF R0XE=R14
                 	.DEF R0XF=R15
                 	.DEF R0X10=R16
                 	.DEF R0X11=R17
                 	.DEF R0X12=R18
                 	.DEF R0X13=R19
                 	.DEF R0X14=R20
                 	.DEF R0X15=R21
                 	.DEF R0X16=R22
                 	.DEF R0X17=R23
                 	.DEF R0X18=R24
                 	.DEF R0X19=R25
                 	.DEF R0X1A=R26
                 	.DEF R0X1B=R27
                 	.DEF R0X1C=R28
                 	.DEF R0X1D=R29
                 	.DEF R0X1E=R30
                 	.DEF R0X1F=R31
                 
                 	.EQU __SRAM_START=0x0060
                 	.EQU __SRAM_END=0x045F
                 	.EQU __DSTACK_SIZE=0x0100
                 	.EQU __HEAP_SIZE=0x0000
                 	.EQU __CLEAR_SRAM_SIZE=__SRAM_END-__SRAM_START+1
                 
                 	.MACRO __CPD1N
                 	CPI  R30,LOW(@0)
                 	LDI  R26,HIGH(@0)
                 	CPC  R31,R26
                 	LDI  R26,BYTE3(@0)
                 	CPC  R22,R26
                 	LDI  R26,BYTE4(@0)
                 	CPC  R23,R26
                 	.ENDM
                 
                 	.MACRO __CPD2N
                 	CPI  R26,LOW(@0)
                 	LDI  R30,HIGH(@0)
                 	CPC  R27,R30
                 	LDI  R30,BYTE3(@0)
                 	CPC  R24,R30
                 	LDI  R30,BYTE4(@0)
                 	CPC  R25,R30
                 	.ENDM
                 
                 	.MACRO __CPWRR
                 	CP   R@0,R@2
                 	CPC  R@1,R@3
                 	.ENDM
                 
                 	.MACRO __CPWRN
                 	CPI  R@0,LOW(@2)
                 	LDI  R30,HIGH(@2)
                 	CPC  R@1,R30
                 	.ENDM
                 
                 	.MACRO __ADDB1MN
                 	SUBI R30,LOW(-@0-(@1))
                 	.ENDM
                 
                 	.MACRO __ADDB2MN
                 	SUBI R26,LOW(-@0-(@1))
                 	.ENDM
                 
                 	.MACRO __ADDW1MN
                 	SUBI R30,LOW(-@0-(@1))
                 	SBCI R31,HIGH(-@0-(@1))
                 	.ENDM
                 
                 	.MACRO __ADDW2MN
                 	SUBI R26,LOW(-@0-(@1))
                 	SBCI R27,HIGH(-@0-(@1))
                 	.ENDM
                 
                 	.MACRO __ADDW1FN
                 	SUBI R30,LOW(-2*@0-(@1))
                 	SBCI R31,HIGH(-2*@0-(@1))
                 	.ENDM
                 
                 	.MACRO __ADDD1FN
                 	SUBI R30,LOW(-2*@0-(@1))
                 	SBCI R31,HIGH(-2*@0-(@1))
                 	SBCI R22,BYTE3(-2*@0-(@1))
                 	.ENDM
                 
                 	.MACRO __ADDD1N
                 	SUBI R30,LOW(-@0)
                 	SBCI R31,HIGH(-@0)
                 	SBCI R22,BYTE3(-@0)
                 	SBCI R23,BYTE4(-@0)
                 	.ENDM
                 
                 	.MACRO __ADDD2N
                 	SUBI R26,LOW(-@0)
                 	SBCI R27,HIGH(-@0)
                 	SBCI R24,BYTE3(-@0)
                 	SBCI R25,BYTE4(-@0)
                 	.ENDM
                 
                 	.MACRO __SUBD1N
                 	SUBI R30,LOW(@0)
                 	SBCI R31,HIGH(@0)
                 	SBCI R22,BYTE3(@0)
                 	SBCI R23,BYTE4(@0)
                 	.ENDM
                 
                 	.MACRO __SUBD2N
                 	SUBI R26,LOW(@0)
                 	SBCI R27,HIGH(@0)
                 	SBCI R24,BYTE3(@0)
                 	SBCI R25,BYTE4(@0)
                 	.ENDM
                 
                 	.MACRO __ANDBMNN
                 	LDS  R30,@0+(@1)
                 	ANDI R30,LOW(@2)
                 	STS  @0+(@1),R30
                 	.ENDM
                 
                 	.MACRO __ANDWMNN
                 	LDS  R30,@0+(@1)
                 	ANDI R30,LOW(@2)
                 	STS  @0+(@1),R30
                 	LDS  R30,@0+(@1)+1
                 	ANDI R30,HIGH(@2)
                 	STS  @0+(@1)+1,R30
                 	.ENDM
                 
                 	.MACRO __ANDD1N
                 	ANDI R30,LOW(@0)
                 	ANDI R31,HIGH(@0)
                 	ANDI R22,BYTE3(@0)
                 	ANDI R23,BYTE4(@0)
                 	.ENDM
                 
                 	.MACRO __ANDD2N
                 	ANDI R26,LOW(@0)
                 	ANDI R27,HIGH(@0)
                 	ANDI R24,BYTE3(@0)
                 	ANDI R25,BYTE4(@0)
                 	.ENDM
                 
                 	.MACRO __ORBMNN
                 	LDS  R30,@0+(@1)
                 	ORI  R30,LOW(@2)
                 	STS  @0+(@1),R30
                 	.ENDM
                 
                 	.MACRO __ORWMNN
                 	LDS  R30,@0+(@1)
                 	ORI  R30,LOW(@2)
                 	STS  @0+(@1),R30
                 	LDS  R30,@0+(@1)+1
                 	ORI  R30,HIGH(@2)
                 	STS  @0+(@1)+1,R30
                 	.ENDM
                 
                 	.MACRO __ORD1N
                 	ORI  R30,LOW(@0)
                 	ORI  R31,HIGH(@0)
                 	ORI  R22,BYTE3(@0)
                 	ORI  R23,BYTE4(@0)
                 	.ENDM
                 
                 	.MACRO __ORD2N
                 	ORI  R26,LOW(@0)
                 	ORI  R27,HIGH(@0)
                 	ORI  R24,BYTE3(@0)
                 	ORI  R25,BYTE4(@0)
                 	.ENDM
                 
                 	.MACRO __DELAY_USB
                 	LDI  R24,LOW(@0)
                 __DELAY_USB_LOOP:
                 	DEC  R24
                 	BRNE __DELAY_USB_LOOP
                 	.ENDM
                 
                 	.MACRO __DELAY_USW
                 	LDI  R24,LOW(@0)
                 	LDI  R25,HIGH(@0)
                 __DELAY_USW_LOOP:
                 	SBIW R24,1
                 	BRNE __DELAY_USW_LOOP
                 	.ENDM
                 
                 	.MACRO __GETD1S
                 	LDD  R30,Y+@0
                 	LDD  R31,Y+@0+1
                 	LDD  R22,Y+@0+2
                 	LDD  R23,Y+@0+3
                 	.ENDM
                 
                 	.MACRO __GETD2S
                 	LDD  R26,Y+@0
                 	LDD  R27,Y+@0+1
                 	LDD  R24,Y+@0+2
                 	LDD  R25,Y+@0+3
                 	.ENDM
                 
                 	.MACRO __PUTD1S
                 	STD  Y+@0,R30
                 	STD  Y+@0+1,R31
                 	STD  Y+@0+2,R22
                 	STD  Y+@0+3,R23
                 	.ENDM
                 
                 	.MACRO __PUTD2S
                 	STD  Y+@0,R26
                 	STD  Y+@0+1,R27
                 	STD  Y+@0+2,R24
                 	STD  Y+@0+3,R25
                 	.ENDM
                 
                 	.MACRO __PUTDZ2
                 	STD  Z+@0,R26
                 	STD  Z+@0+1,R27
                 	STD  Z+@0+2,R24
                 	STD  Z+@0+3,R25
                 	.ENDM
                 
                 	.MACRO __CLRD1S
                 	STD  Y+@0,R30
                 	STD  Y+@0+1,R30
                 	STD  Y+@0+2,R30
                 	STD  Y+@0+3,R30
                 	.ENDM
                 
                 	.MACRO __POINTB1MN
                 	LDI  R30,LOW(@0+(@1))
                 	.ENDM
                 
                 	.MACRO __POINTW1MN
                 	LDI  R30,LOW(@0+(@1))
                 	LDI  R31,HIGH(@0+(@1))
                 	.ENDM
                 
                 	.MACRO __POINTD1M
                 	LDI  R30,LOW(@0)
                 	LDI  R31,HIGH(@0)
                 	LDI  R22,BYTE3(@0)
                 	LDI  R23,BYTE4(@0)
                 	.ENDM
                 
                 	.MACRO __POINTW1FN
                 	LDI  R30,LOW(2*@0+(@1))
                 	LDI  R31,HIGH(2*@0+(@1))
                 	.ENDM
                 
                 	.MACRO __POINTD1FN
                 	LDI  R30,LOW(2*@0+(@1))
                 	LDI  R31,HIGH(2*@0+(@1))
                 	LDI  R22,BYTE3(2*@0+(@1))
                 	LDI  R23,BYTE4(2*@0+(@1))
                 	.ENDM
                 
                 	.MACRO __POINTB2MN
                 	LDI  R26,LOW(@0+(@1))
                 	.ENDM
                 
                 	.MACRO __POINTW2MN
                 	LDI  R26,LOW(@0+(@1))
                 	LDI  R27,HIGH(@0+(@1))
                 	.ENDM
                 
                 	.MACRO __POINTW2FN
                 	LDI  R26,LOW(2*@0+(@1))
                 	LDI  R27,HIGH(2*@0+(@1))
                 	.ENDM
                 
                 	.MACRO __POINTD2FN
                 	LDI  R26,LOW(2*@0+(@1))
                 	LDI  R27,HIGH(2*@0+(@1))
                 	LDI  R24,BYTE3(2*@0+(@1))
                 	LDI  R25,BYTE4(2*@0+(@1))
                 	.ENDM
                 
                 	.MACRO __POINTBRM
                 	LDI  R@0,LOW(@1)
                 	.ENDM
                 
                 	.MACRO __POINTWRM
                 	LDI  R@0,LOW(@2)
                 	LDI  R@1,HIGH(@2)
                 	.ENDM
                 
                 	.MACRO __POINTBRMN
                 	LDI  R@0,LOW(@1+(@2))
                 	.ENDM
                 
                 	.MACRO __POINTWRMN
                 	LDI  R@0,LOW(@2+(@3))
                 	LDI  R@1,HIGH(@2+(@3))
                 	.ENDM
                 
                 	.MACRO __POINTWRFN
                 	LDI  R@0,LOW(@2*2+(@3))
                 	LDI  R@1,HIGH(@2*2+(@3))
                 	.ENDM
                 
                 	.MACRO __GETD1N
                 	LDI  R30,LOW(@0)
                 	LDI  R31,HIGH(@0)
                 	LDI  R22,BYTE3(@0)
                 	LDI  R23,BYTE4(@0)
                 	.ENDM
                 
                 	.MACRO __GETD2N
                 	LDI  R26,LOW(@0)
                 	LDI  R27,HIGH(@0)
                 	LDI  R24,BYTE3(@0)
                 	LDI  R25,BYTE4(@0)
                 	.ENDM
                 
                 	.MACRO __GETB1MN
                 	LDS  R30,@0+(@1)
                 	.ENDM
                 
                 	.MACRO __GETB1HMN
                 	LDS  R31,@0+(@1)
                 	.ENDM
                 
                 	.MACRO __GETW1MN
                 	LDS  R30,@0+(@1)
                 	LDS  R31,@0+(@1)+1
                 	.ENDM
                 
                 	.MACRO __GETD1MN
                 	LDS  R30,@0+(@1)
                 	LDS  R31,@0+(@1)+1
                 	LDS  R22,@0+(@1)+2
                 	LDS  R23,@0+(@1)+3
                 	.ENDM
                 
                 	.MACRO __GETBRMN
                 	LDS  R@0,@1+(@2)
                 	.ENDM
                 
                 	.MACRO __GETWRMN
                 	LDS  R@0,@2+(@3)
                 	LDS  R@1,@2+(@3)+1
                 	.ENDM
                 
                 	.MACRO __GETWRZ
                 	LDD  R@0,Z+@2
                 	LDD  R@1,Z+@2+1
                 	.ENDM
                 
                 	.MACRO __GETD2Z
                 	LDD  R26,Z+@0
                 	LDD  R27,Z+@0+1
                 	LDD  R24,Z+@0+2
                 	LDD  R25,Z+@0+3
                 	.ENDM
                 
                 	.MACRO __GETB2MN
                 	LDS  R26,@0+(@1)
                 	.ENDM
                 
                 	.MACRO __GETW2MN
                 	LDS  R26,@0+(@1)
                 	LDS  R27,@0+(@1)+1
                 	.ENDM
                 
                 	.MACRO __GETD2MN
                 	LDS  R26,@0+(@1)
                 	LDS  R27,@0+(@1)+1
                 	LDS  R24,@0+(@1)+2
                 	LDS  R25,@0+(@1)+3
                 	.ENDM
                 
                 	.MACRO __PUTB1MN
                 	STS  @0+(@1),R30
                 	.ENDM
                 
                 	.MACRO __PUTW1MN
                 	STS  @0+(@1),R30
                 	STS  @0+(@1)+1,R31
                 	.ENDM
                 
                 	.MACRO __PUTD1MN
                 	STS  @0+(@1),R30
                 	STS  @0+(@1)+1,R31
                 	STS  @0+(@1)+2,R22
                 	STS  @0+(@1)+3,R23
                 	.ENDM
                 
                 	.MACRO __PUTB1EN
                 	LDI  R26,LOW(@0+(@1))
                 	LDI  R27,HIGH(@0+(@1))
                 	CALL __EEPROMWRB
                 	.ENDM
                 
                 	.MACRO __PUTW1EN
                 	LDI  R26,LOW(@0+(@1))
                 	LDI  R27,HIGH(@0+(@1))
                 	CALL __EEPROMWRW
                 	.ENDM
                 
                 	.MACRO __PUTD1EN
                 	LDI  R26,LOW(@0+(@1))
                 	LDI  R27,HIGH(@0+(@1))
                 	CALL __EEPROMWRD
                 	.ENDM
                 
                 	.MACRO __PUTBR0MN
                 	STS  @0+(@1),R0
                 	.ENDM
                 
                 	.MACRO __PUTBMRN
                 	STS  @0+(@1),R@2
                 	.ENDM
                 
                 	.MACRO __PUTWMRN
                 	STS  @0+(@1),R@2
                 	STS  @0+(@1)+1,R@3
                 	.ENDM
                 
                 	.MACRO __PUTBZR
                 	STD  Z+@1,R@0
                 	.ENDM
                 
                 	.MACRO __PUTWZR
                 	STD  Z+@2,R@0
                 	STD  Z+@2+1,R@1
                 	.ENDM
                 
                 	.MACRO __GETW1R
                 	MOV  R30,R@0
                 	MOV  R31,R@1
                 	.ENDM
                 
                 	.MACRO __GETW2R
                 	MOV  R26,R@0
                 	MOV  R27,R@1
                 	.ENDM
                 
                 	.MACRO __GETWRN
                 	LDI  R@0,LOW(@2)
                 	LDI  R@1,HIGH(@2)
                 	.ENDM
                 
                 	.MACRO __PUTW1R
                 	MOV  R@0,R30
                 	MOV  R@1,R31
                 	.ENDM
                 
                 	.MACRO __PUTW2R
                 	MOV  R@0,R26
                 	MOV  R@1,R27
                 	.ENDM
                 
                 	.MACRO __ADDWRN
                 	SUBI R@0,LOW(-@2)
                 	SBCI R@1,HIGH(-@2)
                 	.ENDM
                 
                 	.MACRO __ADDWRR
                 	ADD  R@0,R@2
                 	ADC  R@1,R@3
                 	.ENDM
                 
                 	.MACRO __SUBWRN
                 	SUBI R@0,LOW(@2)
                 	SBCI R@1,HIGH(@2)
                 	.ENDM
                 
                 	.MACRO __SUBWRR
                 	SUB  R@0,R@2
                 	SBC  R@1,R@3
                 	.ENDM
                 
                 	.MACRO __ANDWRN
                 	ANDI R@0,LOW(@2)
                 	ANDI R@1,HIGH(@2)
                 	.ENDM
                 
                 	.MACRO __ANDWRR
                 	AND  R@0,R@2
                 	AND  R@1,R@3
                 	.ENDM
                 
                 	.MACRO __ORWRN
                 	ORI  R@0,LOW(@2)
                 	ORI  R@1,HIGH(@2)
                 	.ENDM
                 
                 	.MACRO __ORWRR
                 	OR   R@0,R@2
                 	OR   R@1,R@3
                 	.ENDM
                 
                 	.MACRO __EORWRR
                 	EOR  R@0,R@2
                 	EOR  R@1,R@3
                 	.ENDM
                 
                 	.MACRO __GETWRS
                 	LDD  R@0,Y+@2
                 	LDD  R@1,Y+@2+1
                 	.ENDM
                 
                 	.MACRO __PUTBSR
                 	STD  Y+@1,R@0
                 	.ENDM
                 
                 	.MACRO __PUTWSR
                 	STD  Y+@2,R@0
                 	STD  Y+@2+1,R@1
                 	.ENDM
                 
                 	.MACRO __MOVEWRR
                 	MOV  R@0,R@2
                 	MOV  R@1,R@3
                 	.ENDM
                 
                 	.MACRO __INWR
                 	IN   R@0,@2
                 	IN   R@1,@2+1
                 	.ENDM
                 
                 	.MACRO __OUTWR
                 	OUT  @2+1,R@1
                 	OUT  @2,R@0
                 	.ENDM
                 
                 	.MACRO __CALL1MN
                 	LDS  R30,@0+(@1)
                 	LDS  R31,@0+(@1)+1
                 	ICALL
                 	.ENDM
                 
                 	.MACRO __CALL1FN
                 	LDI  R30,LOW(2*@0+(@1))
                 	LDI  R31,HIGH(2*@0+(@1))
                 	CALL __GETW1PF
                 	ICALL
                 	.ENDM
                 
                 	.MACRO __CALL2EN
                 	LDI  R26,LOW(@0+(@1))
                 	LDI  R27,HIGH(@0+(@1))
                 	CALL __EEPROMRDW
                 	ICALL
                 	.ENDM
                 
                 	.MACRO __GETW1STACK
                 	IN   R26,SPL
                 	IN   R27,SPH
                 	ADIW R26,@0+1
                 	LD   R30,X+
                 	LD   R31,X
                 	.ENDM
                 
                 	.MACRO __GETD1STACK
                 	IN   R26,SPL
                 	IN   R27,SPH
                 	ADIW R26,@0+1
                 	LD   R30,X+
                 	LD   R31,X+
                 	LD   R22,X
                 	.ENDM
                 
                 	.MACRO __NBST
                 	BST  R@0,@1
                 	IN   R30,SREG
                 	LDI  R31,0x40
                 	EOR  R30,R31
                 	OUT  SREG,R30
                 	.ENDM
                 
                 
                 	.MACRO __PUTB1SN
                 	LDD  R26,Y+@0
                 	LDD  R27,Y+@0+1
                 	SUBI R26,LOW(-@1)
                 	SBCI R27,HIGH(-@1)
                 	ST   X,R30
                 	.ENDM
                 
                 	.MACRO __PUTW1SN
                 	LDD  R26,Y+@0
                 	LDD  R27,Y+@0+1
                 	SUBI R26,LOW(-@1)
                 	SBCI R27,HIGH(-@1)
                 	ST   X+,R30
                 	ST   X,R31
                 	.ENDM
                 
                 	.MACRO __PUTD1SN
                 	LDD  R26,Y+@0
                 	LDD  R27,Y+@0+1
                 	SUBI R26,LOW(-@1)
                 	SBCI R27,HIGH(-@1)
                 	CALL __PUTDP1
                 	.ENDM
                 
                 	.MACRO __PUTB1SNS
                 	LDD  R26,Y+@0
                 	LDD  R27,Y+@0+1
                 	ADIW R26,@1
                 	ST   X,R30
                 	.ENDM
                 
                 	.MACRO __PUTW1SNS
                 	LDD  R26,Y+@0
                 	LDD  R27,Y+@0+1
                 	ADIW R26,@1
                 	ST   X+,R30
                 	ST   X,R31
                 	.ENDM
                 
                 	.MACRO __PUTD1SNS
                 	LDD  R26,Y+@0
                 	LDD  R27,Y+@0+1
                 	ADIW R26,@1
                 	CALL __PUTDP1
                 	.ENDM
                 
                 	.MACRO __PUTB1PMN
                 	LDS  R26,@0
                 	LDS  R27,@0+1
                 	SUBI R26,LOW(-@1)
                 	SBCI R27,HIGH(-@1)
                 	ST   X,R30
                 	.ENDM
                 
                 	.MACRO __PUTW1PMN
                 	LDS  R26,@0
                 	LDS  R27,@0+1
                 	SUBI R26,LOW(-@1)
                 	SBCI R27,HIGH(-@1)
                 	ST   X+,R30
                 	ST   X,R31
                 	.ENDM
                 
                 	.MACRO __PUTD1PMN
                 	LDS  R26,@0
                 	LDS  R27,@0+1
                 	SUBI R26,LOW(-@1)
                 	SBCI R27,HIGH(-@1)
                 	CALL __PUTDP1
                 	.ENDM
                 
                 	.MACRO __PUTB1PMNS
                 	LDS  R26,@0
                 	LDS  R27,@0+1
                 	ADIW R26,@1
                 	ST   X,R30
                 	.ENDM
                 
                 	.MACRO __PUTW1PMNS
                 	LDS  R26,@0
                 	LDS  R27,@0+1
                 	ADIW R26,@1
                 	ST   X+,R30
                 	ST   X,R31
                 	.ENDM
                 
                 	.MACRO __PUTD1PMNS
                 	LDS  R26,@0
                 	LDS  R27,@0+1
                 	ADIW R26,@1
                 	CALL __PUTDP1
                 	.ENDM
                 
                 	.MACRO __PUTB1RN
                 	MOVW R26,R@0
                 	SUBI R26,LOW(-@1)
                 	SBCI R27,HIGH(-@1)
                 	ST   X,R30
                 	.ENDM
                 
                 	.MACRO __PUTW1RN
                 	MOVW R26,R@0
                 	SUBI R26,LOW(-@1)
                 	SBCI R27,HIGH(-@1)
                 	ST   X+,R30
                 	ST   X,R31
                 	.ENDM
                 
                 	.MACRO __PUTD1RN
                 	MOVW R26,R@0
                 	SUBI R26,LOW(-@1)
                 	SBCI R27,HIGH(-@1)
                 	CALL __PUTDP1
                 	.ENDM
                 
                 	.MACRO __PUTB1RNS
                 	MOVW R26,R@0
                 	ADIW R26,@1
                 	ST   X,R30
                 	.ENDM
                 
                 	.MACRO __PUTW1RNS
                 	MOVW R26,R@0
                 	ADIW R26,@1
                 	ST   X+,R30
                 	ST   X,R31
                 	.ENDM
                 
                 	.MACRO __PUTD1RNS
                 	MOVW R26,R@0
                 	ADIW R26,@1
                 	CALL __PUTDP1
                 	.ENDM
                 
                 	.MACRO __PUTB1RON
                 	MOV  R26,R@0
                 	MOV  R27,R@1
                 	SUBI R26,LOW(-@2)
                 	SBCI R27,HIGH(-@2)
                 	ST   X,R30
                 	.ENDM
                 
                 	.MACRO __PUTW1RON
                 	MOV  R26,R@0
                 	MOV  R27,R@1
                 	SUBI R26,LOW(-@2)
                 	SBCI R27,HIGH(-@2)
                 	ST   X+,R30
                 	ST   X,R31
                 	.ENDM
                 
                 	.MACRO __PUTD1RON
                 	MOV  R26,R@0
                 	MOV  R27,R@1
                 	SUBI R26,LOW(-@2)
                 	SBCI R27,HIGH(-@2)
                 	CALL __PUTDP1
                 	.ENDM
                 
                 	.MACRO __PUTB1RONS
                 	MOV  R26,R@0
                 	MOV  R27,R@1
                 	ADIW R26,@2
                 	ST   X,R30
                 	.ENDM
                 
                 	.MACRO __PUTW1RONS
                 	MOV  R26,R@0
                 	MOV  R27,R@1
                 	ADIW R26,@2
                 	ST   X+,R30
                 	ST   X,R31
                 	.ENDM
                 
                 	.MACRO __PUTD1RONS
                 	MOV  R26,R@0
                 	MOV  R27,R@1
                 	ADIW R26,@2
                 	CALL __PUTDP1
                 	.ENDM
                 
                 
                 	.MACRO __GETB1SX
                 	MOVW R30,R28
                 	SUBI R30,LOW(-@0)
                 	SBCI R31,HIGH(-@0)
                 	LD   R30,Z
                 	.ENDM
                 
                 	.MACRO __GETB1HSX
                 	MOVW R30,R28
                 	SUBI R30,LOW(-@0)
                 	SBCI R31,HIGH(-@0)
                 	LD   R31,Z
                 	.ENDM
                 
                 	.MACRO __GETW1SX
                 	MOVW R30,R28
                 	SUBI R30,LOW(-@0)
                 	SBCI R31,HIGH(-@0)
                 	LD   R0,Z+
                 	LD   R31,Z
                 	MOV  R30,R0
                 	.ENDM
                 
                 	.MACRO __GETD1SX
                 	MOVW R30,R28
                 	SUBI R30,LOW(-@0)
                 	SBCI R31,HIGH(-@0)
                 	LD   R0,Z+
                 	LD   R1,Z+
                 	LD   R22,Z+
                 	LD   R23,Z
                 	MOVW R30,R0
                 	.ENDM
                 
                 	.MACRO __GETB2SX
                 	MOVW R26,R28
                 	SUBI R26,LOW(-@0)
                 	SBCI R27,HIGH(-@0)
                 	LD   R26,X
                 	.ENDM
                 
                 	.MACRO __GETW2SX
                 	MOVW R26,R28
                 	SUBI R26,LOW(-@0)
                 	SBCI R27,HIGH(-@0)
                 	LD   R0,X+
                 	LD   R27,X
                 	MOV  R26,R0
                 	.ENDM
                 
                 	.MACRO __GETD2SX
                 	MOVW R26,R28
                 	SUBI R26,LOW(-@0)
                 	SBCI R27,HIGH(-@0)
                 	LD   R0,X+
                 	LD   R1,X+
                 	LD   R24,X+
                 	LD   R25,X
                 	MOVW R26,R0
                 	.ENDM
                 
                 	.MACRO __GETBRSX
                 	MOVW R30,R28
                 	SUBI R30,LOW(-@1)
                 	SBCI R31,HIGH(-@1)
                 	LD   R@0,Z
                 	.ENDM
                 
                 	.MACRO __GETWRSX
                 	MOVW R30,R28
                 	SUBI R30,LOW(-@2)
                 	SBCI R31,HIGH(-@2)
                 	LD   R@0,Z+
                 	LD   R@1,Z
                 	.ENDM
                 
                 	.MACRO __GETBRSX2
                 	MOVW R26,R28
                 	SUBI R26,LOW(-@1)
                 	SBCI R27,HIGH(-@1)
                 	LD   R@0,X
                 	.ENDM
                 
                 	.MACRO __GETWRSX2
                 	MOVW R26,R28
                 	SUBI R26,LOW(-@2)
                 	SBCI R27,HIGH(-@2)
                 	LD   R@0,X+
                 	LD   R@1,X
                 	.ENDM
                 
                 	.MACRO __LSLW8SX
                 	MOVW R30,R28
                 	SUBI R30,LOW(-@0)
                 	SBCI R31,HIGH(-@0)
                 	LD   R31,Z
                 	CLR  R30
                 	.ENDM
                 
                 	.MACRO __PUTB1SX
                 	MOVW R26,R28
                 	SUBI R26,LOW(-@0)
                 	SBCI R27,HIGH(-@0)
                 	ST   X,R30
                 	.ENDM
                 
                 	.MACRO __PUTW1SX
                 	MOVW R26,R28
                 	SUBI R26,LOW(-@0)
                 	SBCI R27,HIGH(-@0)
                 	ST   X+,R30
                 	ST   X,R31
                 	.ENDM
                 
                 	.MACRO __PUTD1SX
                 	MOVW R26,R28
                 	SUBI R26,LOW(-@0)
                 	SBCI R27,HIGH(-@0)
                 	ST   X+,R30
                 	ST   X+,R31
                 	ST   X+,R22
                 	ST   X,R23
                 	.ENDM
                 
                 	.MACRO __CLRW1SX
                 	MOVW R26,R28
                 	SUBI R26,LOW(-@0)
                 	SBCI R27,HIGH(-@0)
                 	ST   X+,R30
                 	ST   X,R30
                 	.ENDM
                 
                 	.MACRO __CLRD1SX
                 	MOVW R26,R28
                 	SUBI R26,LOW(-@0)
                 	SBCI R27,HIGH(-@0)
                 	ST   X+,R30
                 	ST   X+,R30
                 	ST   X+,R30
                 	ST   X,R30
                 	.ENDM
                 
                 	.MACRO __PUTB2SX
                 	MOVW R30,R28
                 	SUBI R30,LOW(-@0)
                 	SBCI R31,HIGH(-@0)
                 	ST   Z,R26
                 	.ENDM
                 
                 	.MACRO __PUTW2SX
                 	MOVW R30,R28
                 	SUBI R30,LOW(-@0)
                 	SBCI R31,HIGH(-@0)
                 	ST   Z+,R26
                 	ST   Z,R27
                 	.ENDM
                 
                 	.MACRO __PUTD2SX
                 	MOVW R30,R28
                 	SUBI R30,LOW(-@0)
                 	SBCI R31,HIGH(-@0)
                 	ST   Z+,R26
                 	ST   Z+,R27
                 	ST   Z+,R24
                 	ST   Z,R25
                 	.ENDM
                 
                 	.MACRO __PUTBSRX
                 	MOVW R30,R28
                 	SUBI R30,LOW(-@1)
                 	SBCI R31,HIGH(-@1)
                 	ST   Z,R@0
                 	.ENDM
                 
                 	.MACRO __PUTWSRX
                 	MOVW R30,R28
                 	SUBI R30,LOW(-@2)
                 	SBCI R31,HIGH(-@2)
                 	ST   Z+,R@0
                 	ST   Z,R@1
                 	.ENDM
                 
                 	.MACRO __PUTB1SNX
                 	MOVW R26,R28
                 	SUBI R26,LOW(-@0)
                 	SBCI R27,HIGH(-@0)
                 	LD   R0,X+
                 	LD   R27,X
                 	MOV  R26,R0
                 	SUBI R26,LOW(-@1)
                 	SBCI R27,HIGH(-@1)
                 	ST   X,R30
                 	.ENDM
                 
                 	.MACRO __PUTW1SNX
                 	MOVW R26,R28
                 	SUBI R26,LOW(-@0)
                 	SBCI R27,HIGH(-@0)
                 	LD   R0,X+
                 	LD   R27,X
                 	MOV  R26,R0
                 	SUBI R26,LOW(-@1)
                 	SBCI R27,HIGH(-@1)
                 	ST   X+,R30
                 	ST   X,R31
                 	.ENDM
                 
                 	.MACRO __PUTD1SNX
                 	MOVW R26,R28
                 	SUBI R26,LOW(-@0)
                 	SBCI R27,HIGH(-@0)
                 	LD   R0,X+
                 	LD   R27,X
                 	MOV  R26,R0
                 	SUBI R26,LOW(-@1)
                 	SBCI R27,HIGH(-@1)
                 	ST   X+,R30
                 	ST   X+,R31
                 	ST   X+,R22
                 	ST   X,R23
                 	.ENDM
                 
                 	.MACRO __MULBRR
                 	MULS R@0,R@1
                 	MOVW R30,R0
                 	.ENDM
                 
                 	.MACRO __MULBRRU
                 	MUL  R@0,R@1
                 	MOVW R30,R0
                 	.ENDM
                 
                 	.MACRO __MULBRR0
                 	MULS R@0,R@1
                 	.ENDM
                 
                 	.MACRO __MULBRRU0
                 	MUL  R@0,R@1
                 	.ENDM
                 
                 	.MACRO __MULBNWRU
                 	LDI  R26,@2
                 	MUL  R26,R@0
                 	MOVW R30,R0
                 	MUL  R26,R@1
                 	ADD  R31,R0
                 	.ENDM
                 
                 ;NAME DEFINITIONS FOR GLOBAL VARIABLES ALLOCATED TO REGISTERS
                 	.DEF _count=R4
                 	.DEF __lcd_x=R7
                 	.DEF __lcd_y=R6
                 	.DEF __lcd_maxx=R9
                 
                 	.CSEG
                 	.ORG 0x00
                 
                 ;START OF CODE MARKER
                 __START_OF_CODE:
                 
                 ;INTERRUPT VECTORS
000000 940c 003f 	JMP  __RESET
000002 940c 006f 	JMP  _ext_int0_isr
000004 940c 0000 	JMP  0x00
000006 940c 0000 	JMP  0x00
000008 940c 0000 	JMP  0x00
00000a 940c 0000 	JMP  0x00
00000c 940c 0000 	JMP  0x00
00000e 940c 0000 	JMP  0x00
000010 940c 0000 	JMP  0x00
000012 940c 0000 	JMP  0x00
000014 940c 0000 	JMP  0x00
000016 940c 0000 	JMP  0x00
000018 940c 0000 	JMP  0x00
00001a 940c 0000 	JMP  0x00
00001c 940c 0000 	JMP  0x00
00001e 940c 0000 	JMP  0x00
000020 940c 0000 	JMP  0x00
000022 940c 0000 	JMP  0x00
000024 940c 0000 	JMP  0x00
000026 940c 0000 	JMP  0x00
000028 940c 0000 	JMP  0x00
                 
                 _0x96:
00002a 0000      	.DB  0x0,0x0
                 _0x0:
00002b 002c
00002c 2020
00002d 0020      	.DB  0x2C,0x0,0x20,0x20,0x20,0x0
                 _0x2000060:
C:\Users\RK\Desktop\Aayush Project\List\Tx.asm(1111): warning: .cseg .db misalignment - padding zero byte
00002e 0001      	.DB  0x1
                 _0x2000000:
00002f 4e2d
000030 4e41
000031 4900
000032 464e      	.DB  0x2D,0x4E,0x41,0x4E,0x0,0x49,0x4E,0x46
C:\Users\RK\Desktop\Aayush Project\List\Tx.asm(1114): warning: .cseg .db misalignment - padding zero byte
000033 0000      	.DB  0x0
                 _0x2020003:
000034 c080      	.DB  0x80,0xC0
                 
                 __GLOBAL_INI_TBL:
000035 0002      	.DW  0x02
000036 0004      	.DW  0x04
000037 0054      	.DW  _0x96*2
                 
000038 0001      	.DW  0x01
000039 016a      	.DW  __seed_G100
00003a 005c      	.DW  _0x2000060*2
                 
00003b 0002      	.DW  0x02
00003c 016e      	.DW  __base_y_G101
00003d 0068      	.DW  _0x2020003*2
                 
                 _0xFFFFFFFF:
00003e 0000      	.DW  0
                 
                 __RESET:
00003f 94f8      	CLI
000040 27ee      	CLR  R30
000041 bbec      	OUT  EECR,R30
                 
                 ;INTERRUPT VECTORS ARE PLACED
                 ;AT THE START OF FLASH
000042 e0f1      	LDI  R31,1
000043 bffb      	OUT  GICR,R31
000044 bfeb      	OUT  GICR,R30
000045 bfe5      	OUT  MCUCR,R30
                 
                 ;DISABLE WATCHDOG
000046 e1f8      	LDI  R31,0x18
000047 bdf1      	OUT  WDTCR,R31
000048 bde1      	OUT  WDTCR,R30
                 
                 ;CLEAR R2-R14
000049 e08d      	LDI  R24,(14-2)+1
00004a e0a2      	LDI  R26,2
00004b 27bb      	CLR  R27
                 __CLEAR_REG:
00004c 93ed      	ST   X+,R30
00004d 958a      	DEC  R24
00004e f7e9      	BRNE __CLEAR_REG
                 
                 ;CLEAR SRAM
00004f e080      	LDI  R24,LOW(__CLEAR_SRAM_SIZE)
000050 e094      	LDI  R25,HIGH(__CLEAR_SRAM_SIZE)
000051 e6a0      	LDI  R26,__SRAM_START
                 __CLEAR_SRAM:
000052 93ed      	ST   X+,R30
000053 9701      	SBIW R24,1
000054 f7e9      	BRNE __CLEAR_SRAM
                 
                 ;GLOBAL VARIABLES INITIALIZATION
000055 e6ea      	LDI  R30,LOW(__GLOBAL_INI_TBL*2)
000056 e0f0      	LDI  R31,HIGH(__GLOBAL_INI_TBL*2)
                 __GLOBAL_INI_NEXT:
000057 9185      	LPM  R24,Z+
000058 9195      	LPM  R25,Z+
000059 9700      	SBIW R24,0
00005a f061      	BREQ __GLOBAL_INI_END
00005b 91a5      	LPM  R26,Z+
00005c 91b5      	LPM  R27,Z+
00005d 9005      	LPM  R0,Z+
00005e 9015      	LPM  R1,Z+
00005f 01bf      	MOVW R22,R30
000060 01f0      	MOVW R30,R0
                 __GLOBAL_INI_LOOP:
000061 9005      	LPM  R0,Z+
000062 920d      	ST   X+,R0
000063 9701      	SBIW R24,1
000064 f7e1      	BRNE __GLOBAL_INI_LOOP
000065 01fb      	MOVW R30,R22
000066 cff0      	RJMP __GLOBAL_INI_NEXT
                 __GLOBAL_INI_END:
                 
                 ;HARDWARE STACK POINTER INITIALIZATION
000067 e5ef      	LDI  R30,LOW(__SRAM_END-__HEAP_SIZE)
000068 bfed      	OUT  SPL,R30
000069 e0e4      	LDI  R30,HIGH(__SRAM_END-__HEAP_SIZE)
00006a bfee      	OUT  SPH,R30
                 
                 ;DATA STACK POINTER INITIALIZATION
00006b e6c0      	LDI  R28,LOW(__SRAM_START+__DSTACK_SIZE)
00006c e0d1      	LDI  R29,HIGH(__SRAM_START+__DSTACK_SIZE)
                 
00006d 940c 00aa 	JMP  _main
                 
                 	.ESEG
                 	.ORG 0
                 
                 	.DSEG
                 	.ORG 0x160
                 
                 	.CSEG
                 ;/*****************************************************
                 ;This program was produced by the
                 ;CodeWizardAVR V2.05.2 Evaluation
                 ;Automatic Program Generator
                 ;© Copyright 1998-2011 Pavel Haiduc, HP InfoTech s.r.l.
                 ;http://www.hpinfotech.com
                 ;
                 ;Project :
                 ;Version :
                 ;Date    : 11-Jul-2017
                 ;Author  : Freeware, for evaluation and non-commercial use only
                 ;Company :
                 ;Comments:
                 ;
                 ;
                 ;Chip type               : ATmega16
                 ;Program type            : Application
                 ;AVR Core Clock frequency: 8.000000 MHz
                 ;Memory model            : Small
                 ;External RAM size       : 0
                 ;Data Stack size         : 256
                 ;*****************************************************/
                 ;
                 ;#include <mega16.h>
                 	#ifndef __SLEEP_DEFINED__
                 	#define __SLEEP_DEFINED__
                 	.EQU __se_bit=0x40
                 	.EQU __sm_mask=0xB0
                 	.EQU __sm_powerdown=0x20
                 	.EQU __sm_powersave=0x30
                 	.EQU __sm_standby=0xA0
                 	.EQU __sm_ext_standby=0xB0
                 	.EQU __sm_adc_noise_red=0x10
                 	.SET power_ctrl_reg=mcucr
                 	#endif
                 ;#include <stdlib.h>
                 ;#include <delay.h>
                 ;
                 ;// Alphanumeric LCD functions
                 ;#include <alcd.h>
                 ;
                 ;int count=0;
                 ;char ch[10];
                 ;
                 ;// External Interrupt 0 service routine
                 ;interrupt [EXT_INT0] void ext_int0_isr(void)
                 ; 0000 0024 {
                 
                 	.CSEG
                 _ext_int0_isr:
00006f 920a      	ST   -Y,R0
000070 921a      	ST   -Y,R1
000071 92fa      	ST   -Y,R15
000072 936a      	ST   -Y,R22
000073 937a      	ST   -Y,R23
000074 938a      	ST   -Y,R24
000075 939a      	ST   -Y,R25
000076 93aa      	ST   -Y,R26
000077 93ba      	ST   -Y,R27
000078 93ea      	ST   -Y,R30
000079 93fa      	ST   -Y,R31
00007a b7ef      	IN   R30,SREG
00007b 93ea      	ST   -Y,R30
                 ; 0000 0025         count++;
00007c 01f2      	MOVW R30,R4
00007d 9631      	ADIW R30,1
00007e 012f      	MOVW R4,R30
                 ; 0000 0026         lcd_gotoxy(0,1);
00007f e0e0      	LDI  R30,LOW(0)
000080 93ea      	ST   -Y,R30
000081 e0a1      	LDI  R26,LOW(1)
000082 940e 0254 	CALL _lcd_gotoxy
                 ; 0000 0027         itoa(count,ch);
000084 925a      	ST   -Y,R5
000085 924a      	ST   -Y,R4
000086 e6a0      	LDI  R26,LOW(_ch)
000087 e0b1      	LDI  R27,HIGH(_ch)
000088 940e 0206 	CALL _itoa
                 ; 0000 0028         lcd_puts(ch);
00008a e6a0      	LDI  R26,LOW(_ch)
00008b e0b1      	LDI  R27,HIGH(_ch)
00008c 940e 0282 	CALL _lcd_puts
                 ; 0000 0029 }
00008e 91e9      	LD   R30,Y+
00008f bfef      	OUT  SREG,R30
000090 91f9      	LD   R31,Y+
000091 91e9      	LD   R30,Y+
000092 91b9      	LD   R27,Y+
000093 91a9      	LD   R26,Y+
000094 9199      	LD   R25,Y+
000095 9189      	LD   R24,Y+
000096 9179      	LD   R23,Y+
000097 9169      	LD   R22,Y+
000098 90f9      	LD   R15,Y+
000099 9019      	LD   R1,Y+
00009a 9009      	LD   R0,Y+
00009b 9518      	RETI
                 ;
                 ;#define ADC_VREF_TYPE 0x00
                 ;
                 ;// Read the AD conversion result
                 ;unsigned int read_adc(unsigned char adc_input)
                 ; 0000 002F {
                 _read_adc:
                 ; 0000 0030 ADMUX=adc_input | (ADC_VREF_TYPE & 0xff);
00009c 93aa      	ST   -Y,R26
                 ;	adc_input -> Y+0
00009d 81e8      	LD   R30,Y
00009e b9e7      	OUT  0x7,R30
                 ; 0000 0031 // Delay needed for the stabilization of the ADC input voltage
                 ; 0000 0032 delay_us(10);
                +
00009f e18b     +LDI R24 , LOW ( 27 )
                +__DELAY_USB_LOOP :
0000a0 958a     +DEC R24
0000a1 f7f1     +BRNE __DELAY_USB_LOOP
                 	__DELAY_USB 27
                 ; 0000 0033 // Start the AD conversion
                 ; 0000 0034 ADCSRA|=0x40;
0000a2 9a36      	SBI  0x6,6
                 ; 0000 0035 // Wait for the AD conversion to complete
                 ; 0000 0036 while ((ADCSRA & 0x10)==0);
                 _0x3:
0000a3 9b34      	SBIS 0x6,4
0000a4 cffe      	RJMP _0x3
                 ; 0000 0037 ADCSRA|=0x10;
0000a5 9a34      	SBI  0x6,4
                 ; 0000 0038 return ADCW;
0000a6 b1e4      	IN   R30,0x4
0000a7 b1f5      	IN   R31,0x4+1
0000a8 940c 02d0 	JMP  _0x20A0001
                 ; 0000 0039 }
                 ;
                 ;// Declare your global variables here
                 ;
                 ;void main(void)
                 ; 0000 003E {
                 _main:
                 ; 0000 003F // Declare your local variables here
                 ; 0000 0040 
                 ; 0000 0041 int x,y,z,co=0;
                 ; 0000 0042 char a[10];
                 ; 0000 0043 
                 ; 0000 0044 // Input/Output Ports initialization
                 ; 0000 0045 // Port A initialization
                 ; 0000 0046 // Func7=In Func6=In Func5=In Func4=In Func3=In Func2=In Func1=In Func0=In
                 ; 0000 0047 // State7=T State6=T State5=T State4=T State3=T State2=T State1=T State0=T
                 ; 0000 0048 PORTA=0x00;
0000aa 972c      	SBIW R28,12
0000ab e0e0      	LDI  R30,LOW(0)
0000ac 87ea      	STD  Y+10,R30
0000ad 87eb      	STD  Y+11,R30
                 ;	x -> R16,R17
                 ;	y -> R18,R19
                 ;	z -> R20,R21
                 ;	co -> Y+10
                 ;	a -> Y+0
0000ae bbeb      	OUT  0x1B,R30
                 ; 0000 0049 DDRA=0x00;
0000af bbea      	OUT  0x1A,R30
                 ; 0000 004A 
                 ; 0000 004B // Port B initialization
                 ; 0000 004C // Func7=In Func6=In Func5=In Func4=In Func3=In Func2=In Func1=In Func0=In
                 ; 0000 004D // State7=T State6=T State5=T State4=T State3=T State2=T State1=T State0=T
                 ; 0000 004E PORTB=0x00;
0000b0 bbe8      	OUT  0x18,R30
                 ; 0000 004F DDRB=0x00;
0000b1 bbe7      	OUT  0x17,R30
                 ; 0000 0050 
                 ; 0000 0051 // Port C initialization
                 ; 0000 0052 // Func7=In Func6=In Func5=In Func4=In Func3=In Func2=In Func1=In Func0=In
                 ; 0000 0053 // State7=T State6=T State5=T State4=T State3=T State2=T State1=T State0=T
                 ; 0000 0054 PORTC=0x00;
0000b2 bbe5      	OUT  0x15,R30
                 ; 0000 0055 DDRC=0x00;
0000b3 bbe4      	OUT  0x14,R30
                 ; 0000 0056 
                 ; 0000 0057 // Port D initialization
                 ; 0000 0058 // Func7=In Func6=In Func5=In Func4=In Func3=In Func2=In Func1=In Func0=In
                 ; 0000 0059 // State7=T State6=T State5=T State4=T State3=T State2=T State1=T State0=T
                 ; 0000 005A PORTD=0x00;
0000b4 bbe2      	OUT  0x12,R30
                 ; 0000 005B DDRD=0x00;
0000b5 bbe1      	OUT  0x11,R30
                 ; 0000 005C 
                 ; 0000 005D // Timer/Counter 0 initialization
                 ; 0000 005E // Clock source: System Clock
                 ; 0000 005F // Clock value: Timer 0 Stopped
                 ; 0000 0060 // Mode: Normal top=0xFF
                 ; 0000 0061 // OC0 output: Disconnected
                 ; 0000 0062 TCCR0=0x00;
0000b6 bfe3      	OUT  0x33,R30
                 ; 0000 0063 TCNT0=0x00;
0000b7 bfe2      	OUT  0x32,R30
                 ; 0000 0064 OCR0=0x00;
0000b8 bfec      	OUT  0x3C,R30
                 ; 0000 0065 
                 ; 0000 0066 // Timer/Counter 1 initialization
                 ; 0000 0067 // Clock source: System Clock
                 ; 0000 0068 // Clock value: Timer1 Stopped
                 ; 0000 0069 // Mode: Normal top=0xFFFF
                 ; 0000 006A // OC1A output: Discon.
                 ; 0000 006B // OC1B output: Discon.
                 ; 0000 006C // Noise Canceler: Off
                 ; 0000 006D // Input Capture on Falling Edge
                 ; 0000 006E // Timer1 Overflow Interrupt: Off
                 ; 0000 006F // Input Capture Interrupt: Off
                 ; 0000 0070 // Compare A Match Interrupt: Off
                 ; 0000 0071 // Compare B Match Interrupt: Off
                 ; 0000 0072 TCCR1A=0x00;
0000b9 bdef      	OUT  0x2F,R30
                 ; 0000 0073 TCCR1B=0x00;
0000ba bdee      	OUT  0x2E,R30
                 ; 0000 0074 TCNT1H=0x00;
0000bb bded      	OUT  0x2D,R30
                 ; 0000 0075 TCNT1L=0x00;
0000bc bdec      	OUT  0x2C,R30
                 ; 0000 0076 ICR1H=0x00;
0000bd bde7      	OUT  0x27,R30
                 ; 0000 0077 ICR1L=0x00;
0000be bde6      	OUT  0x26,R30
                 ; 0000 0078 OCR1AH=0x00;
0000bf bdeb      	OUT  0x2B,R30
                 ; 0000 0079 OCR1AL=0x00;
0000c0 bdea      	OUT  0x2A,R30
                 ; 0000 007A OCR1BH=0x00;
0000c1 bde9      	OUT  0x29,R30
                 ; 0000 007B OCR1BL=0x00;
0000c2 bde8      	OUT  0x28,R30
                 ; 0000 007C 
                 ; 0000 007D // Timer/Counter 2 initialization
                 ; 0000 007E // Clock source: System Clock
                 ; 0000 007F // Clock value: Timer2 Stopped
                 ; 0000 0080 // Mode: Normal top=0xFF
                 ; 0000 0081 // OC2 output: Disconnected
                 ; 0000 0082 ASSR=0x00;
0000c3 bde2      	OUT  0x22,R30
                 ; 0000 0083 TCCR2=0x00;
0000c4 bde5      	OUT  0x25,R30
                 ; 0000 0084 TCNT2=0x00;
0000c5 bde4      	OUT  0x24,R30
                 ; 0000 0085 OCR2=0x00;
0000c6 bde3      	OUT  0x23,R30
                 ; 0000 0086 
                 ; 0000 0087 // External Interrupt(s) initialization
                 ; 0000 0088 // INT0: On
                 ; 0000 0089 // INT0 Mode: Falling Edge
                 ; 0000 008A // INT1: Off
                 ; 0000 008B // INT2: Off
                 ; 0000 008C GICR|=0x40;
0000c7 b7eb      	IN   R30,0x3B
0000c8 64e0      	ORI  R30,0x40
0000c9 bfeb      	OUT  0x3B,R30
                 ; 0000 008D MCUCR=0x02;
0000ca e0e2      	LDI  R30,LOW(2)
0000cb bfe5      	OUT  0x35,R30
                 ; 0000 008E MCUCSR=0x00;
0000cc e0e0      	LDI  R30,LOW(0)
0000cd bfe4      	OUT  0x34,R30
                 ; 0000 008F GIFR=0x40;
0000ce e4e0      	LDI  R30,LOW(64)
0000cf bfea      	OUT  0x3A,R30
                 ; 0000 0090 
                 ; 0000 0091 // Timer(s)/Counter(s) Interrupt(s) initialization
                 ; 0000 0092 TIMSK=0x00;
0000d0 e0e0      	LDI  R30,LOW(0)
0000d1 bfe9      	OUT  0x39,R30
                 ; 0000 0093 
                 ; 0000 0094 // USART initialization
                 ; 0000 0095 // USART disabled
                 ; 0000 0096 UCSRB=0x00;
0000d2 b9ea      	OUT  0xA,R30
                 ; 0000 0097 
                 ; 0000 0098 // Analog Comparator initialization
                 ; 0000 0099 // Analog Comparator: Off
                 ; 0000 009A // Analog Comparator Input Capture by Timer/Counter 1: Off
                 ; 0000 009B ACSR=0x80;
0000d3 e8e0      	LDI  R30,LOW(128)
0000d4 b9e8      	OUT  0x8,R30
                 ; 0000 009C SFIOR=0x00;
0000d5 e0e0      	LDI  R30,LOW(0)
0000d6 bfe0      	OUT  0x30,R30
                 ; 0000 009D 
                 ; 0000 009E // ADC initialization
                 ; 0000 009F // ADC Clock frequency: 125.000 kHz
                 ; 0000 00A0 // ADC Voltage Reference: AREF pin
                 ; 0000 00A1 // ADC Auto Trigger Source: Free Running
                 ; 0000 00A2 ADMUX=ADC_VREF_TYPE & 0xff;
0000d7 b9e7      	OUT  0x7,R30
                 ; 0000 00A3 ADCSRA=0xA6;
0000d8 eae6      	LDI  R30,LOW(166)
0000d9 b9e6      	OUT  0x6,R30
                 ; 0000 00A4 SFIOR&=0x1F;
0000da b7e0      	IN   R30,0x30
0000db 71ef      	ANDI R30,LOW(0x1F)
0000dc bfe0      	OUT  0x30,R30
                 ; 0000 00A5 
                 ; 0000 00A6 // SPI initialization
                 ; 0000 00A7 // SPI disabled
                 ; 0000 00A8 SPCR=0x00;
0000dd e0e0      	LDI  R30,LOW(0)
0000de b9ed      	OUT  0xD,R30
                 ; 0000 00A9 
                 ; 0000 00AA // TWI initialization
                 ; 0000 00AB // TWI disabled
                 ; 0000 00AC TWCR=0x00;
0000df bfe6      	OUT  0x36,R30
                 ; 0000 00AD 
                 ; 0000 00AE // Alphanumeric LCD initialization
                 ; 0000 00AF // Connections are specified in the
                 ; 0000 00B0 // Project|Configure|C Compiler|Libraries|Alphanumeric LCD menu:
                 ; 0000 00B1 // RS - PORTC Bit 0
                 ; 0000 00B2 // RD - PORTC Bit 1
                 ; 0000 00B3 // EN - PORTC Bit 2
                 ; 0000 00B4 // D4 - PORTC Bit 4
                 ; 0000 00B5 // D5 - PORTC Bit 5
                 ; 0000 00B6 // D6 - PORTC Bit 6
                 ; 0000 00B7 // D7 - PORTC Bit 7
                 ; 0000 00B8 // Characters/line: 16
                 ; 0000 00B9 lcd_init(16);
0000e0 e1a0      	LDI  R26,LOW(16)
0000e1 940e 02a4 	CALL _lcd_init
                 ; 0000 00BA 
                 ; 0000 00BB // Global enable interrupts
                 ; 0000 00BC #asm("sei")
0000e3 9478      	sei
                 ; 0000 00BD 
                 ; 0000 00BE while (1)
                 _0x6:
                 ; 0000 00BF       {
                 ; 0000 00C0       DDRB=0b11110000;
0000e4 efe0      	LDI  R30,LOW(240)
0000e5 bbe7      	OUT  0x17,R30
                 ; 0000 00C1        if(PINB.0==1&&PINB.1==1&&PINB.2==0&&PINB.3==1)
0000e6 9bb0      	SBIS 0x16,0
0000e7 c007      	RJMP _0xA
0000e8 9bb1      	SBIS 0x16,1
0000e9 c005      	RJMP _0xA
0000ea 940e 02d2 	CALL SUBOPT_0x0
0000ec f411      	BRNE _0xA
0000ed 99b3      	SBIC 0x16,3
0000ee c001      	RJMP _0xB
                 _0xA:
0000ef c014      	RJMP _0x9
                 _0xB:
                 ; 0000 00C2        {
                 ; 0000 00C3         while(PINB.0==1&&PINB.1==1&&PINB.2==0&&PINB.3==1);
                 _0xC:
0000f0 9bb0      	SBIS 0x16,0
0000f1 c007      	RJMP _0xF
0000f2 9bb1      	SBIS 0x16,1
0000f3 c005      	RJMP _0xF
0000f4 940e 02d2 	CALL SUBOPT_0x0
0000f6 f411      	BRNE _0xF
0000f7 99b3      	SBIC 0x16,3
0000f8 c001      	RJMP _0x10
                 _0xF:
0000f9 c001      	RJMP _0xE
                 _0x10:
0000fa cff5      	RJMP _0xC
                 _0xE:
                 ; 0000 00C4         co++;
0000fb 85ea      	LDD  R30,Y+10
0000fc 85fb      	LDD  R31,Y+10+1
0000fd 9631      	ADIW R30,1
0000fe 87ea      	STD  Y+10,R30
0000ff 87fb      	STD  Y+10+1,R31
                 ; 0000 00C5         co%=2;
000100 70e1      	ANDI R30,LOW(0x1)
000101 70f0      	ANDI R31,HIGH(0x1)
000102 87ea      	STD  Y+10,R30
000103 87fb      	STD  Y+10+1,R31
                 ; 0000 00C6        }
                 ; 0000 00C7        if(co==0)
                 _0x9:
000104 85ea      	LDD  R30,Y+10
000105 85fb      	LDD  R31,Y+10+1
000106 9730      	SBIW R30,0
000107 f011      	BREQ PC+3
000108 940c 0154 	JMP _0x11
                 ; 0000 00C8        {
                 ; 0000 00C9         if(PINB.0==0&&PINB.1==1&&PINB.2==0&&PINB.3==0)
00010a 940e 02d7 	CALL SUBOPT_0x1
00010c f441      	BRNE _0x13
00010d 9bb1      	SBIS 0x16,1
00010e c006      	RJMP _0x13
00010f 940e 02d2 	CALL SUBOPT_0x0
000111 f419      	BRNE _0x13
000112 940e 02dc 	CALL SUBOPT_0x2
000114 f009      	BREQ _0x14
                 _0x13:
000115 c002      	RJMP _0x12
                 _0x14:
                 ; 0000 00CA         {
                 ; 0000 00CB          PORTB.4=1;
000116 9ac4      	SBI  0x18,4
                 ; 0000 00CC          PORTB.5=0;
000117 c031      	RJMP _0x92
                 ; 0000 00CD          PORTB.6=1;
                 ; 0000 00CE          PORTB.7=0;
                 ; 0000 00CF          delay_ms(300);
                 ; 0000 00D0         }
                 ; 0000 00D1         else if(PINB.0==0&&PINB.1==0&&PINB.2==0&&PINB.3==1)
                 _0x12:
000118 940e 02d7 	CALL SUBOPT_0x1
00011a f451      	BRNE _0x1F
00011b e0a0      	LDI  R26,0
00011c 99b1      	SBIC 0x16,1
00011d e0a1      	LDI  R26,1
00011e 30a0      	CPI  R26,LOW(0x0)
00011f f429      	BRNE _0x1F
000120 940e 02d2 	CALL SUBOPT_0x0
000122 f411      	BRNE _0x1F
000123 99b3      	SBIC 0x16,3
000124 c001      	RJMP _0x20
                 _0x1F:
000125 c005      	RJMP _0x1E
                 _0x20:
                 ; 0000 00D2         {
                 ; 0000 00D3          PORTB.4=0;
000126 98c4      	CBI  0x18,4
                 ; 0000 00D4          PORTB.5=1;
000127 9ac5      	SBI  0x18,5
                 ; 0000 00D5          PORTB.6=0;
000128 98c6      	CBI  0x18,6
                 ; 0000 00D6          PORTB.7=1;
000129 9ac7      	SBI  0x18,7
                 ; 0000 00D7          delay_ms(300);
00012a c021      	RJMP _0x93
                 ; 0000 00D8         }
                 ; 0000 00D9         else if(PINB.0==0&&PINB.1==0&&PINB.2==1&&PINB.3==0)
                 _0x1E:
00012b 940e 02d7 	CALL SUBOPT_0x1
00012d f451      	BRNE _0x2B
00012e e0a0      	LDI  R26,0
00012f 99b1      	SBIC 0x16,1
000130 e0a1      	LDI  R26,1
000131 30a0      	CPI  R26,LOW(0x0)
000132 f429      	BRNE _0x2B
000133 9bb2      	SBIS 0x16,2
000134 c003      	RJMP _0x2B
000135 940e 02dc 	CALL SUBOPT_0x2
000137 f009      	BREQ _0x2C
                 _0x2B:
000138 c004      	RJMP _0x2A
                 _0x2C:
                 ; 0000 00DA         {
                 ; 0000 00DB          PORTB.4=1;
000139 9ac4      	SBI  0x18,4
                 ; 0000 00DC          PORTB.5=0;
00013a 98c5      	CBI  0x18,5
                 ; 0000 00DD          PORTB.6=0;
00013b 98c6      	CBI  0x18,6
                 ; 0000 00DE          PORTB.7=0;
00013c c00e      	RJMP _0x94
                 ; 0000 00DF          delay_ms(300);
                 ; 0000 00E0         }
                 ; 0000 00E1         else if(PINB.0==0&&PINB.1==1&&PINB.2==1&&PINB.3==0)
                 _0x2A:
00013d 940e 02d7 	CALL SUBOPT_0x1
00013f f439      	BRNE _0x37
000140 9bb1      	SBIS 0x16,1
000141 c005      	RJMP _0x37
000142 9bb2      	SBIS 0x16,2
000143 c003      	RJMP _0x37
000144 940e 02dc 	CALL SUBOPT_0x2
000146 f009      	BREQ _0x38
                 _0x37:
000147 c008      	RJMP _0x36
                 _0x38:
                 ; 0000 00E2         {
                 ; 0000 00E3          PORTB.4=0;
000148 98c4      	CBI  0x18,4
                 ; 0000 00E4          PORTB.5=0;
                 _0x92:
000149 98c5      	CBI  0x18,5
                 ; 0000 00E5          PORTB.6=1;
00014a 9ac6      	SBI  0x18,6
                 ; 0000 00E6          PORTB.7=0;
                 _0x94:
00014b 98c7      	CBI  0x18,7
                 ; 0000 00E7          delay_ms(300);
                 _0x93:
00014c e2ac      	LDI  R26,LOW(300)
00014d e0b1      	LDI  R27,HIGH(300)
00014e 940e 02fa 	CALL _delay_ms
                 ; 0000 00E8         }
                 ; 0000 00E9          PORTB.4=0;
                 _0x36:
000150 98c4      	CBI  0x18,4
                 ; 0000 00EA          PORTB.5=0;
000151 98c5      	CBI  0x18,5
                 ; 0000 00EB          PORTB.6=0;
000152 98c6      	CBI  0x18,6
                 ; 0000 00EC          PORTB.7=0;
000153 98c7      	CBI  0x18,7
                 ; 0000 00ED        }
                 ; 0000 00EE        if(co==1)
                 _0x11:
000154 85aa      	LDD  R26,Y+10
000155 85bb      	LDD  R27,Y+10+1
000156 9711      	SBIW R26,1
000157 f011      	BREQ PC+3
000158 940c 0204 	JMP _0x49
                 ; 0000 00EF        {
                 ; 0000 00F0         x=read_adc(0);
00015a e0a0      	LDI  R26,LOW(0)
00015b df40      	RCALL _read_adc
00015c 018f      	MOVW R16,R30
                 ; 0000 00F1         itoa(x,a);
00015d 931a      	ST   -Y,R17
00015e 930a      	ST   -Y,R16
00015f 940e 02e1 	CALL SUBOPT_0x3
                 ; 0000 00F2         lcd_gotoxy(0,0);
000161 e0e0      	LDI  R30,LOW(0)
000162 93ea      	ST   -Y,R30
000163 e0a0      	LDI  R26,LOW(0)
000164 940e 0254 	CALL _lcd_gotoxy
                 ; 0000 00F3         lcd_puts(a);
000166 940e 02e5 	CALL SUBOPT_0x4
                 ; 0000 00F4         lcd_putsf(",");
                 ; 0000 00F5         y=read_adc(1);
000168 e0a1      	LDI  R26,LOW(1)
000169 df32      	RCALL _read_adc
00016a 019f      	MOVW R18,R30
                 ; 0000 00F6         itoa(y,a);
00016b 933a      	ST   -Y,R19
00016c 932a      	ST   -Y,R18
00016d 940e 02e1 	CALL SUBOPT_0x3
                 ; 0000 00F7         lcd_puts(a);
00016f 940e 02e5 	CALL SUBOPT_0x4
                 ; 0000 00F8         lcd_putsf(",");
                 ; 0000 00F9         z=read_adc(2);
000171 e0a2      	LDI  R26,LOW(2)
000172 df29      	RCALL _read_adc
000173 01af      	MOVW R20,R30
                 ; 0000 00FA         itoa(z,a);
000174 935a      	ST   -Y,R21
000175 934a      	ST   -Y,R20
000176 940e 02e1 	CALL SUBOPT_0x3
                 ; 0000 00FB         lcd_puts(a);
000178 01de      	MOVW R26,R28
000179 940e 0282 	CALL _lcd_puts
                 ; 0000 00FC         lcd_putsf("   ");
                +
00017b e5a8     +LDI R26 , LOW ( 2 * _0x0 + ( 2 ) )
00017c e0b0     +LDI R27 , HIGH ( 2 * _0x0 + ( 2 ) )
                 	__POINTW2FN _0x0,2
00017d 940e 0291 	CALL _lcd_putsf
                 ; 0000 00FD 
                 ; 0000 00FE         if((x<410&&x>380)&&(y<330&&y>280)&&(z>340&&z<355))
                +
00017f 390a     +CPI R16 , LOW ( 410 )
000180 e0e1     +LDI R30 , HIGH ( 410 )
000181 071e     +CPC R17 , R30
                 	__CPWRN 16,17,410
000182 f424      	BRGE _0x4B
                +
000183 370d     +CPI R16 , LOW ( 381 )
000184 e0e1     +LDI R30 , HIGH ( 381 )
000185 071e     +CPC R17 , R30
                 	__CPWRN 16,17,381
000186 f40c      	BRGE _0x4C
                 _0x4B:
000187 c013      	RJMP _0x4D
                 _0x4C:
                +
000188 342a     +CPI R18 , LOW ( 330 )
000189 e0e1     +LDI R30 , HIGH ( 330 )
00018a 073e     +CPC R19 , R30
                 	__CPWRN 18,19,330
00018b f424      	BRGE _0x4E
                +
00018c 3129     +CPI R18 , LOW ( 281 )
00018d e0e1     +LDI R30 , HIGH ( 281 )
00018e 073e     +CPC R19 , R30
                 	__CPWRN 18,19,281
00018f f40c      	BRGE _0x4F
                 _0x4E:
000190 c00a      	RJMP _0x4D
                 _0x4F:
                +
000191 3545     +CPI R20 , LOW ( 341 )
000192 e0e1     +LDI R30 , HIGH ( 341 )
000193 075e     +CPC R21 , R30
                 	__CPWRN 20,21,341
000194 f024      	BRLT _0x50
                +
000195 3643     +CPI R20 , LOW ( 355 )
000196 e0e1     +LDI R30 , HIGH ( 355 )
000197 075e     +CPC R21 , R30
                 	__CPWRN 20,21,355
000198 f00c      	BRLT _0x51
                 _0x50:
000199 c001      	RJMP _0x4D
                 _0x51:
00019a c001      	RJMP _0x52
                 _0x4D:
00019b c004      	RJMP _0x4A
                 _0x52:
                 ; 0000 00FF         {
                 ; 0000 0100          PORTB.4=1;
00019c 9ac4      	SBI  0x18,4
                 ; 0000 0101          PORTB.5=0;
00019d 98c5      	CBI  0x18,5
                 ; 0000 0102          PORTB.6=1;
00019e 9ac6      	SBI  0x18,6
                 ; 0000 0103          PORTB.7=0;
00019f c063      	RJMP _0x95
                 ; 0000 0104         }
                 ; 0000 0105         else if((x<410&&x>365)&&(y>330&&y<410)&&(z<340&&z>315))
                 _0x4A:
                +
0001a0 390a     +CPI R16 , LOW ( 410 )
0001a1 e0e1     +LDI R30 , HIGH ( 410 )
0001a2 071e     +CPC R17 , R30
                 	__CPWRN 16,17,410
0001a3 f424      	BRGE _0x5D
                +
0001a4 360e     +CPI R16 , LOW ( 366 )
0001a5 e0e1     +LDI R30 , HIGH ( 366 )
0001a6 071e     +CPC R17 , R30
                 	__CPWRN 16,17,366
0001a7 f40c      	BRGE _0x5E
                 _0x5D:
0001a8 c013      	RJMP _0x5F
                 _0x5E:
                +
0001a9 342b     +CPI R18 , LOW ( 331 )
0001aa e0e1     +LDI R30 , HIGH ( 331 )
0001ab 073e     +CPC R19 , R30
                 	__CPWRN 18,19,331
0001ac f024      	BRLT _0x60
                +
0001ad 392a     +CPI R18 , LOW ( 410 )
0001ae e0e1     +LDI R30 , HIGH ( 410 )
0001af 073e     +CPC R19 , R30
                 	__CPWRN 18,19,410
0001b0 f00c      	BRLT _0x61
                 _0x60:
0001b1 c00a      	RJMP _0x5F
                 _0x61:
                +
0001b2 3544     +CPI R20 , LOW ( 340 )
0001b3 e0e1     +LDI R30 , HIGH ( 340 )
0001b4 075e     +CPC R21 , R30
                 	__CPWRN 20,21,340
0001b5 f424      	BRGE _0x62
                +
0001b6 334c     +CPI R20 , LOW ( 316 )
0001b7 e0e1     +LDI R30 , HIGH ( 316 )
0001b8 075e     +CPC R21 , R30
                 	__CPWRN 20,21,316
0001b9 f40c      	BRGE _0x63
                 _0x62:
0001ba c001      	RJMP _0x5F
                 _0x63:
0001bb c001      	RJMP _0x64
                 _0x5F:
0001bc c005      	RJMP _0x5C
                 _0x64:
                 ; 0000 0106         {
                 ; 0000 0107          PORTB.4=0;
0001bd 98c4      	CBI  0x18,4
                 ; 0000 0108          PORTB.5=1;
0001be 9ac5      	SBI  0x18,5
                 ; 0000 0109          PORTB.6=0;
0001bf 98c6      	CBI  0x18,6
                 ; 0000 010A          PORTB.7=1;
0001c0 9ac7      	SBI  0x18,7
                 ; 0000 010B         }
                 ; 0000 010C         else if((x<410&&x>355)&&(y<330&&y>275)&&(z>340&&z<370))
0001c1 c042      	RJMP _0x6D
                 _0x5C:
                +
0001c2 390a     +CPI R16 , LOW ( 410 )
0001c3 e0e1     +LDI R30 , HIGH ( 410 )
0001c4 071e     +CPC R17 , R30
                 	__CPWRN 16,17,410
0001c5 f424      	BRGE _0x6F
                +
0001c6 3604     +CPI R16 , LOW ( 356 )
0001c7 e0e1     +LDI R30 , HIGH ( 356 )
0001c8 071e     +CPC R17 , R30
                 	__CPWRN 16,17,356
0001c9 f40c      	BRGE _0x70
                 _0x6F:
0001ca c013      	RJMP _0x71
                 _0x70:
                +
0001cb 342a     +CPI R18 , LOW ( 330 )
0001cc e0e1     +LDI R30 , HIGH ( 330 )
0001cd 073e     +CPC R19 , R30
                 	__CPWRN 18,19,330
0001ce f424      	BRGE _0x72
                +
0001cf 3124     +CPI R18 , LOW ( 276 )
0001d0 e0e1     +LDI R30 , HIGH ( 276 )
0001d1 073e     +CPC R19 , R30
                 	__CPWRN 18,19,276
0001d2 f40c      	BRGE _0x73
                 _0x72:
0001d3 c00a      	RJMP _0x71
                 _0x73:
                +
0001d4 3545     +CPI R20 , LOW ( 341 )
0001d5 e0e1     +LDI R30 , HIGH ( 341 )
0001d6 075e     +CPC R21 , R30
                 	__CPWRN 20,21,341
0001d7 f024      	BRLT _0x74
                +
0001d8 3742     +CPI R20 , LOW ( 370 )
0001d9 e0e1     +LDI R30 , HIGH ( 370 )
0001da 075e     +CPC R21 , R30
                 	__CPWRN 20,21,370
0001db f00c      	BRLT _0x75
                 _0x74:
0001dc c001      	RJMP _0x71
                 _0x75:
0001dd c001      	RJMP _0x76
                 _0x71:
0001de c004      	RJMP _0x6E
                 _0x76:
                 ; 0000 010D         {
                 ; 0000 010E          PORTB.4=0;
0001df 98c4      	CBI  0x18,4
                 ; 0000 010F          PORTB.5=0;
0001e0 98c5      	CBI  0x18,5
                 ; 0000 0110          PORTB.6=1;
0001e1 9ac6      	SBI  0x18,6
                 ; 0000 0111          PORTB.7=0;
0001e2 c020      	RJMP _0x95
                 ; 0000 0112         }
                 ; 0000 0113         else if((x<410&&x>350)&&(y<335&&y>225)&&(z>340&&z<410))
                 _0x6E:
                +
0001e3 390a     +CPI R16 , LOW ( 410 )
0001e4 e0e1     +LDI R30 , HIGH ( 410 )
0001e5 071e     +CPC R17 , R30
                 	__CPWRN 16,17,410
0001e6 f424      	BRGE _0x81
                +
0001e7 350f     +CPI R16 , LOW ( 351 )
0001e8 e0e1     +LDI R30 , HIGH ( 351 )
0001e9 071e     +CPC R17 , R30
                 	__CPWRN 16,17,351
0001ea f40c      	BRGE _0x82
                 _0x81:
0001eb c013      	RJMP _0x83
                 _0x82:
                +
0001ec 342f     +CPI R18 , LOW ( 335 )
0001ed e0e1     +LDI R30 , HIGH ( 335 )
0001ee 073e     +CPC R19 , R30
                 	__CPWRN 18,19,335
0001ef f424      	BRGE _0x84
                +
0001f0 3e22     +CPI R18 , LOW ( 226 )
0001f1 e0e0     +LDI R30 , HIGH ( 226 )
0001f2 073e     +CPC R19 , R30
                 	__CPWRN 18,19,226
0001f3 f40c      	BRGE _0x85
                 _0x84:
0001f4 c00a      	RJMP _0x83
                 _0x85:
                +
0001f5 3545     +CPI R20 , LOW ( 341 )
0001f6 e0e1     +LDI R30 , HIGH ( 341 )
0001f7 075e     +CPC R21 , R30
                 	__CPWRN 20,21,341
0001f8 f024      	BRLT _0x86
                +
0001f9 394a     +CPI R20 , LOW ( 410 )
0001fa e0e1     +LDI R30 , HIGH ( 410 )
0001fb 075e     +CPC R21 , R30
                 	__CPWRN 20,21,410
0001fc f00c      	BRLT _0x87
                 _0x86:
0001fd c001      	RJMP _0x83
                 _0x87:
0001fe c001      	RJMP _0x88
                 _0x83:
0001ff c004      	RJMP _0x80
                 _0x88:
                 ; 0000 0114         {
                 ; 0000 0115          PORTB.4=1;
000200 9ac4      	SBI  0x18,4
                 ; 0000 0116          PORTB.5=0;
000201 98c5      	CBI  0x18,5
                 ; 0000 0117          PORTB.6=0;
000202 98c6      	CBI  0x18,6
                 ; 0000 0118          PORTB.7=0;
                 _0x95:
000203 98c7      	CBI  0x18,7
                 ; 0000 0119         }
                 ; 0000 011A        }
                 _0x80:
                 _0x6D:
                 ; 0000 011B       }
                 _0x49:
000204 cedf      	RJMP _0x6
                 ; 0000 011C }
                 _0x91:
000205 cfff      	RJMP _0x91
                 
                 	.CSEG
                 _itoa:
000206 93ba      	ST   -Y,R27
000207 93aa      	ST   -Y,R26
000208 91a9          ld   r26,y+
000209 91b9          ld   r27,y+
00020a 91e9          ld   r30,y+
00020b 91f9          ld   r31,y+
00020c 9630          adiw r30,0
00020d f42a          brpl __itoa0
00020e 95e0          com  r30
00020f 95f0          com  r31
000210 9631          adiw r30,1
000211 e26d          ldi  r22,'-'
000212 936d          st   x+,r22
                 __itoa0:
000213 94e8          clt
000214 e180          ldi  r24,low(10000)
000215 e297          ldi  r25,high(10000)
000216 d00d          rcall __itoa1
000217 ee88          ldi  r24,low(1000)
000218 e093          ldi  r25,high(1000)
000219 d00a          rcall __itoa1
00021a e684          ldi  r24,100
00021b 2799          clr  r25
00021c d007          rcall __itoa1
00021d e08a          ldi  r24,10
00021e d005          rcall __itoa1
00021f 2f6e          mov  r22,r30
000220 d010          rcall __itoa5
000221 2766          clr  r22
000222 936c          st   x,r22
000223 9508          ret
                 
                 __itoa1:
000224 2766          clr	 r22
                 __itoa2:
000225 17e8          cp   r30,r24
000226 07f9          cpc  r31,r25
000227 f020          brlo __itoa3
000228 9563          inc  r22
000229 1be8          sub  r30,r24
00022a 0bf9          sbc  r31,r25
00022b f7c9          brne __itoa2
                 __itoa3:
00022c 2366          tst  r22
00022d f411          brne __itoa4
00022e f016          brts __itoa5
00022f 9508          ret
                 __itoa4:
000230 9468          set
                 __itoa5:
000231 5d60          subi r22,-0x30
000232 936d          st   x+,r22
000233 9508          ret
                 
                 	.DSEG
                 
                 	.CSEG
                 	#ifndef __SLEEP_DEFINED__
                 	#endif
                 
                 	.DSEG
                 
                 	.CSEG
                 __lcd_write_nibble_G101:
000234 93aa      	ST   -Y,R26
000235 b3e5      	IN   R30,0x15
000236 70ef      	ANDI R30,LOW(0xF)
000237 2fae      	MOV  R26,R30
000238 81e8      	LD   R30,Y
000239 7fe0      	ANDI R30,LOW(0xF0)
00023a 2bea      	OR   R30,R26
00023b bbe5      	OUT  0x15,R30
                +
00023c e085     +LDI R24 , LOW ( 5 )
                +__DELAY_USB_LOOP :
00023d 958a     +DEC R24
00023e f7f1     +BRNE __DELAY_USB_LOOP
                 	__DELAY_USB 5
00023f 9aaa      	SBI  0x15,2
                +
000240 e08d     +LDI R24 , LOW ( 13 )
                +__DELAY_USB_LOOP :
000241 958a     +DEC R24
000242 f7f1     +BRNE __DELAY_USB_LOOP
                 	__DELAY_USB 13
000243 98aa      	CBI  0x15,2
                +
000244 e08d     +LDI R24 , LOW ( 13 )
                +__DELAY_USB_LOOP :
000245 958a     +DEC R24
000246 f7f1     +BRNE __DELAY_USB_LOOP
                 	__DELAY_USB 13
000247 c088      	RJMP _0x20A0001
                 __lcd_write_data:
000248 93aa      	ST   -Y,R26
000249 81a8      	LD   R26,Y
00024a dfe9      	RCALL __lcd_write_nibble_G101
00024b 81e8          ld    r30,y
00024c 95e2          swap  r30
00024d 83e8          st    y,r30
00024e 81a8      	LD   R26,Y
00024f dfe4      	RCALL __lcd_write_nibble_G101
                +
000250 e885     +LDI R24 , LOW ( 133 )
                +__DELAY_USB_LOOP :
000251 958a     +DEC R24
000252 f7f1     +BRNE __DELAY_USB_LOOP
                 	__DELAY_USB 133
000253 c07c      	RJMP _0x20A0001
                 _lcd_gotoxy:
000254 93aa      	ST   -Y,R26
000255 81e8      	LD   R30,Y
000256 e0f0      	LDI  R31,0
000257 59e2      	SUBI R30,LOW(-__base_y_G101)
000258 4ffe      	SBCI R31,HIGH(-__base_y_G101)
000259 81e0      	LD   R30,Z
00025a 81a9      	LDD  R26,Y+1
00025b 0fae      	ADD  R26,R30
00025c dfeb      	RCALL __lcd_write_data
00025d 8079      	LDD  R7,Y+1
00025e 8068      	LDD  R6,Y+0
00025f 9622      	ADIW R28,2
000260 9508      	RET
                 _lcd_clear:
000261 e0a2      	LDI  R26,LOW(2)
000262 940e 02ec 	CALL SUBOPT_0x5
000264 e0ac      	LDI  R26,LOW(12)
000265 dfe2      	RCALL __lcd_write_data
000266 e0a1      	LDI  R26,LOW(1)
000267 940e 02ec 	CALL SUBOPT_0x5
000269 e0e0      	LDI  R30,LOW(0)
00026a 2e6e      	MOV  R6,R30
00026b 2e7e      	MOV  R7,R30
00026c 9508      	RET
                 _lcd_putchar:
00026d 93aa      	ST   -Y,R26
00026e 81a8      	LD   R26,Y
00026f 30aa      	CPI  R26,LOW(0xA)
000270 f011      	BREQ _0x2020005
000271 1479      	CP   R7,R9
000272 f048      	BRLO _0x2020004
                 _0x2020005:
000273 e0e0      	LDI  R30,LOW(0)
000274 93ea      	ST   -Y,R30
000275 9463      	INC  R6
000276 2da6      	MOV  R26,R6
000277 dfdc      	RCALL _lcd_gotoxy
000278 81a8      	LD   R26,Y
000279 30aa      	CPI  R26,LOW(0xA)
00027a f409      	BRNE _0x2020007
00027b c054      	RJMP _0x20A0001
                 _0x2020007:
                 _0x2020004:
00027c 9473      	INC  R7
00027d 9aa8      	SBI  0x15,0
00027e 81a8      	LD   R26,Y
00027f dfc8      	RCALL __lcd_write_data
000280 98a8      	CBI  0x15,0
000281 c04e      	RJMP _0x20A0001
                 _lcd_puts:
000282 93ba      	ST   -Y,R27
000283 93aa      	ST   -Y,R26
000284 931a      	ST   -Y,R17
                 _0x2020008:
000285 81a9      	LDD  R26,Y+1
000286 81ba      	LDD  R27,Y+1+1
000287 91ed      	LD   R30,X+
000288 83a9      	STD  Y+1,R26
000289 83ba      	STD  Y+1+1,R27
00028a 2f1e      	MOV  R17,R30
00028b 30e0      	CPI  R30,0
00028c f019      	BREQ _0x202000A
00028d 2fa1      	MOV  R26,R17
00028e dfde      	RCALL _lcd_putchar
00028f cff5      	RJMP _0x2020008
                 _0x202000A:
000290 c010      	RJMP _0x20A0002
                 _lcd_putsf:
000291 93ba      	ST   -Y,R27
000292 93aa      	ST   -Y,R26
000293 931a      	ST   -Y,R17
                 _0x202000B:
000294 81e9      	LDD  R30,Y+1
000295 81fa      	LDD  R31,Y+1+1
000296 9631      	ADIW R30,1
000297 83e9      	STD  Y+1,R30
000298 83fa      	STD  Y+1+1,R31
000299 9731      	SBIW R30,1
00029a 91e4      	LPM  R30,Z
00029b 2f1e      	MOV  R17,R30
00029c 30e0      	CPI  R30,0
00029d f019      	BREQ _0x202000D
00029e 2fa1      	MOV  R26,R17
00029f dfcd      	RCALL _lcd_putchar
0002a0 cff3      	RJMP _0x202000B
                 _0x202000D:
                 _0x20A0002:
0002a1 8118      	LDD  R17,Y+0
0002a2 9623      	ADIW R28,3
0002a3 9508      	RET
                 _lcd_init:
0002a4 93aa      	ST   -Y,R26
0002a5 b3e4      	IN   R30,0x14
0002a6 6fe0      	ORI  R30,LOW(0xF0)
0002a7 bbe4      	OUT  0x14,R30
0002a8 9aa2      	SBI  0x14,2
0002a9 9aa0      	SBI  0x14,0
0002aa 9aa1      	SBI  0x14,1
0002ab 98aa      	CBI  0x15,2
0002ac 98a8      	CBI  0x15,0
0002ad 98a9      	CBI  0x15,1
0002ae 8098      	LDD  R9,Y+0
0002af 81e8      	LD   R30,Y
0002b0 58e0      	SUBI R30,-LOW(128)
                +
0002b1 93e0 0170+STS __base_y_G101 + ( 2 ) , R30
                 	__PUTB1MN __base_y_G101,2
0002b3 81e8      	LD   R30,Y
0002b4 54e0      	SUBI R30,-LOW(192)
                +
0002b5 93e0 0171+STS __base_y_G101 + ( 3 ) , R30
                 	__PUTB1MN __base_y_G101,3
0002b7 e1a4      	LDI  R26,LOW(20)
0002b8 e0b0      	LDI  R27,0
0002b9 940e 02fa 	CALL _delay_ms
0002bb 940e 02f2 	CALL SUBOPT_0x6
0002bd 940e 02f2 	CALL SUBOPT_0x6
0002bf 940e 02f2 	CALL SUBOPT_0x6
0002c1 e2a0      	LDI  R26,LOW(32)
0002c2 df71      	RCALL __lcd_write_nibble_G101
                +
0002c3 ec88     +LDI R24 , LOW ( 200 )
0002c4 e090     +LDI R25 , HIGH ( 200 )
                +__DELAY_USW_LOOP :
0002c5 9701     +SBIW R24 , 1
0002c6 f7f1     +BRNE __DELAY_USW_LOOP
                 	__DELAY_USW 200
0002c7 e2a8      	LDI  R26,LOW(40)
0002c8 df7f      	RCALL __lcd_write_data
0002c9 e0a4      	LDI  R26,LOW(4)
0002ca df7d      	RCALL __lcd_write_data
0002cb e8a5      	LDI  R26,LOW(133)
0002cc df7b      	RCALL __lcd_write_data
0002cd e0a6      	LDI  R26,LOW(6)
0002ce df79      	RCALL __lcd_write_data
0002cf df91      	RCALL _lcd_clear
                 _0x20A0001:
0002d0 9621      	ADIW R28,1
0002d1 9508      	RET
                 
                 	.CSEG
                 
                 	.CSEG
                 
                 	.CSEG
                 
                 	.DSEG
                 _ch:
000160           	.BYTE 0xA
                 __seed_G100:
00016a           	.BYTE 0x4
                 __base_y_G101:
00016e           	.BYTE 0x4
                 
                 	.CSEG
                 ;OPTIMIZER ADDED SUBROUTINE, CALLED 4 TIMES, CODE SIZE REDUCTION:3 WORDS
                 SUBOPT_0x0:
0002d2 e0a0      	LDI  R26,0
0002d3 99b2      	SBIC 0x16,2
0002d4 e0a1      	LDI  R26,1
0002d5 30a0      	CPI  R26,LOW(0x0)
0002d6 9508      	RET
                 
                 ;OPTIMIZER ADDED SUBROUTINE, CALLED 4 TIMES, CODE SIZE REDUCTION:3 WORDS
                 SUBOPT_0x1:
0002d7 e0a0      	LDI  R26,0
0002d8 99b0      	SBIC 0x16,0
0002d9 e0a1      	LDI  R26,1
0002da 30a0      	CPI  R26,LOW(0x0)
0002db 9508      	RET
                 
                 ;OPTIMIZER ADDED SUBROUTINE, CALLED 3 TIMES, CODE SIZE REDUCTION:1 WORDS
                 SUBOPT_0x2:
0002dc e0a0      	LDI  R26,0
0002dd 99b3      	SBIC 0x16,3
0002de e0a1      	LDI  R26,1
0002df 30a0      	CPI  R26,LOW(0x0)
0002e0 9508      	RET
                 
                 ;OPTIMIZER ADDED SUBROUTINE, CALLED 3 TIMES, CODE SIZE REDUCTION:1 WORDS
                 SUBOPT_0x3:
0002e1 01de      	MOVW R26,R28
0002e2 9612      	ADIW R26,2
0002e3 940c 0206 	JMP  _itoa
                 
                 ;OPTIMIZER ADDED SUBROUTINE, CALLED 2 TIMES, CODE SIZE REDUCTION:3 WORDS
                 SUBOPT_0x4:
0002e5 01de      	MOVW R26,R28
0002e6 940e 0282 	CALL _lcd_puts
                +
0002e8 e5a6     +LDI R26 , LOW ( 2 * _0x0 + ( 0 ) )
0002e9 e0b0     +LDI R27 , HIGH ( 2 * _0x0 + ( 0 ) )
                 	__POINTW2FN _0x0,0
0002ea 940c 0291 	JMP  _lcd_putsf
                 
                 ;OPTIMIZER ADDED SUBROUTINE, CALLED 2 TIMES, CODE SIZE REDUCTION:3 WORDS
                 SUBOPT_0x5:
0002ec 940e 0248 	CALL __lcd_write_data
0002ee e0a3      	LDI  R26,LOW(3)
0002ef e0b0      	LDI  R27,0
0002f0 940c 02fa 	JMP  _delay_ms
                 
                 ;OPTIMIZER ADDED SUBROUTINE, CALLED 3 TIMES, CODE SIZE REDUCTION:7 WORDS
                 SUBOPT_0x6:
0002f2 e3a0      	LDI  R26,LOW(48)
0002f3 940e 0234 	CALL __lcd_write_nibble_G101
                +
0002f5 ec88     +LDI R24 , LOW ( 200 )
0002f6 e090     +LDI R25 , HIGH ( 200 )
                +__DELAY_USW_LOOP :
0002f7 9701     +SBIW R24 , 1
0002f8 f7f1     +BRNE __DELAY_USW_LOOP
                 	__DELAY_USW 200
0002f9 9508      	RET
                 
                 
                 	.CSEG
                 _delay_ms:
0002fa 9610      	adiw r26,0
0002fb f039      	breq __delay_ms1
                 __delay_ms0:
                +
0002fc ed80     +LDI R24 , LOW ( 0x7D0 )
0002fd e097     +LDI R25 , HIGH ( 0x7D0 )
                +__DELAY_USW_LOOP :
0002fe 9701     +SBIW R24 , 1
0002ff f7f1     +BRNE __DELAY_USW_LOOP
                 	__DELAY_USW 0x7D0
000300 95a8      	wdr
000301 9711      	sbiw r26,1
000302 f7c9      	brne __delay_ms0
                 __delay_ms1:
000303 9508      	ret
                 
                 ;END OF CODE MARKER
                 __END_OF_CODE:


RESOURCE USE INFORMATION
------------------------

Notice:
The register and instruction counts are symbol table hit counts,
and hence implicitly used resources are not counted, eg, the
'lpm' instruction without operands implicitly uses r0 and z,
none of which are counted.

x,y,z are separate entities in the symbol table and are
counted separately from r26..r31 here.

.dseg memory usage only counts static data declared with .byte

ATmega16 register use summary:
r0 :   6 r1 :   3 r2 :   0 r3 :   0 r4 :   3 r5 :   1 r6 :   4 r7 :   4 
r8 :   0 r9 :   2 r10:   0 r11:   0 r12:   0 r13:   0 r14:   0 r15:   2 
r16:  10 r17:  16 r18:  10 r19:   9 r20:  10 r21:   9 r22:  14 r23:   2 
r24:  31 r25:  12 r26:  76 r27:  18 r28:   8 r29:   1 r30: 189 r31:  21 
x  :   7 y  :  90 z  :   9 
Registers used: 27 out of 35 (77.1%)

ATmega16 instruction use summary:
.lds  :   0 .lds.l:   0 .sts  :   0 .sts.l:   0 adc   :   0 add   :   1 
adiw  :  10 and   :   0 andi  :   5 asr   :   0 bclr  :   0 bld   :   0 
brbc  :   0 brbs  :   0 brcc  :   0 brcs  :   0 break :   0 breq  :  10 
brge  :  16 brhc  :   0 brhs  :   0 brid  :   0 brie  :   0 brlo  :   2 
brlt  :   8 brmi  :   0 brne  :  25 brpl  :   1 brsh  :   0 brtc  :   0 
brts  :   1 brvc  :   0 brvs  :   0 bset  :   0 bst   :   0 call  :  33 
cbi   :  24 cbr   :   0 clc   :   0 clh   :   0 cli   :   1 cln   :   0 
clr   :   5 cls   :   0 clt   :   1 clv   :   0 clz   :   0 com   :   2 
cp    :   2 cpc   :  25 cpi   :  33 cpse  :   0 dec   :   6 des   :   0 
eor   :   0 fmul  :   0 fmuls :   0 fmulsu:   0 icall :   0 ijmp  :   0 
in    :   7 inc   :   3 jmp   :  28 ld    :  29 ldd   :  15 ldi   : 109 
lds   :   0 lpm   :   9 lsl   :   0 lsr   :   0 mov   :   9 movw  :  11 
mul   :   0 muls  :   0 mulsu :   0 neg   :   0 nop   :   0 or    :   1 
ori   :   2 out   :  51 pop   :   0 push  :   0 rcall :  22 ret   :  12 
reti  :   1 rjmp  :  55 rol   :   0 ror   :   0 sbc   :   1 sbci  :   1 
sbi   :  18 sbic  :   8 sbis  :   9 sbiw  :  11 sbr   :   0 sbrc  :   0 
sbrs  :   0 sec   :   0 seh   :   0 sei   :   1 sen   :   0 ser   :   0 
ses   :   0 set   :   1 sev   :   0 sez   :   0 sleep :   0 spm   :   0 
st    :  44 std   :  10 sts   :   2 sub   :   1 subi  :   4 swap  :   1 
tst   :   1 wdr   :   1 
Instructions used: 52 out of 116 (44.8%)

ATmega16 memory use summary [bytes]:
Segment   Begin    End      Code   Data   Used    Size   Use%
---------------------------------------------------------------
[.cseg] 0x000000 0x000608   1502     42   1544   16384   9.4%
[.dseg] 0x000060 0x000172      0     18     18    1119   1.6%
[.eseg] 0x000000 0x000000      0      0      0     512   0.0%

Assembly complete, 0 errors, 6 warnings
